[debug] [2022-09-12T08:42:13.513Z] ----------------------------------------------------------------------
[debug] [2022-09-12T08:42:13.515Z] Command:       T:\App\node.exe C:\Users\tient\AppData\Roaming\npm\node_modules\firebase-tools\lib\bin\firebase.js emulators:start
[debug] [2022-09-12T08:42:13.516Z] CLI Version:   11.8.0
[debug] [2022-09-12T08:42:13.516Z] Platform:      win32
[debug] [2022-09-12T08:42:13.516Z] Node Version:  v16.15.1
[debug] [2022-09-12T08:42:13.517Z] Time:          Mon Sep 12 2022 15:42:13 GMT+0700 (Indochina Time)
[debug] [2022-09-12T08:42:13.518Z] ----------------------------------------------------------------------
[debug] 
[debug] [2022-09-12T08:42:13.647Z] > command requires scopes: ["email","openid","https://www.googleapis.com/auth/cloudplatformprojects.readonly","https://www.googleapis.com/auth/firebase","https://www.googleapis.com/auth/cloud-platform"]
[debug] [2022-09-12T08:42:13.649Z] > authorizing via signed-in user (tientrung14122001@gmail.com)
[debug] [2022-09-12T08:42:13.878Z] java version "17.0.4.1" 2022-08-18 LTS
Java(TM) SE Runtime Environment (build 17.0.4.1+1-LTS-2)

[debug] [2022-09-12T08:42:13.879Z] Java HotSpot(TM) 64-Bit Server VM (build 17.0.4.1+1-LTS-2, mixed mode, sharing)

[debug] [2022-09-12T08:42:13.909Z] Parsed Java major version: 17
[info] i  emulators: Starting emulators: firestore {"metadata":{"emulator":{"name":"hub"},"message":"Starting emulators: firestore"}}
[debug] [2022-09-12T08:42:13.930Z] [hub] writing locator at C:\Users\tient\AppData\Local\Temp\hub-rich-api-31a31.json
[debug] [2022-09-12T08:42:13.952Z] Ignoring unsupported arg: projectId {"metadata":{"emulator":{"name":"firestore"},"message":"Ignoring unsupported arg: projectId"}}
[debug] [2022-09-12T08:42:13.952Z] Ignoring unsupported arg: auto_download {"metadata":{"emulator":{"name":"firestore"},"message":"Ignoring unsupported arg: auto_download"}}
[debug] [2022-09-12T08:42:13.953Z] Starting Firestore Emulator with command {"binary":"java","args":["-Dgoogle.cloud_firestore.debug_log_level=FINE","-Duser.language=en","-jar","C:\\Users\\tient\\.cache\\firebase\\emulators\\cloud-firestore-emulator-v1.14.4.jar","--host","localhost","--port",8080,"--rules","T:\\Wep\\project\\richwep\\firestore.rules"],"optionalArgs":["port","webchannel_port","host","rules","functions_emulator","seed_from_export"],"joinArgs":false} {"metadata":{"emulator":{"name":"firestore"},"message":"Starting Firestore Emulator with command {\"binary\":\"java\",\"args\":[\"-Dgoogle.cloud_firestore.debug_log_level=FINE\",\"-Duser.language=en\",\"-jar\",\"C:\\\\Users\\\\tient\\\\.cache\\\\firebase\\\\emulators\\\\cloud-firestore-emulator-v1.14.4.jar\",\"--host\",\"localhost\",\"--port\",8080,\"--rules\",\"T:\\\\Wep\\\\project\\\\richwep\\\\firestore.rules\"],\"optionalArgs\":[\"port\",\"webchannel_port\",\"host\",\"rules\",\"functions_emulator\",\"seed_from_export\"],\"joinArgs\":false}"}}
[info] i  firestore: Firestore Emulator logging to firestore-debug.log {"metadata":{"emulator":{"name":"firestore"},"message":"Firestore Emulator logging to \u001b[1mfirestore-debug.log\u001b[22m"}}
[debug] [2022-09-12T08:42:16.063Z] Ignoring unsupported arg: auto_download {"metadata":{"emulator":{"name":"ui"},"message":"Ignoring unsupported arg: auto_download"}}
[debug] [2022-09-12T08:42:16.064Z] Ignoring unsupported arg: port {"metadata":{"emulator":{"name":"ui"},"message":"Ignoring unsupported arg: port"}}
[debug] [2022-09-12T08:42:16.064Z] Starting Emulator UI with command {"binary":"node","args":["C:\\Users\\tient\\.cache\\firebase\\emulators\\ui-v1.9.0\\server\\server.js"],"optionalArgs":[],"joinArgs":false} {"metadata":{"emulator":{"name":"ui"},"message":"Starting Emulator UI with command {\"binary\":\"node\",\"args\":[\"C:\\\\Users\\\\tient\\\\.cache\\\\firebase\\\\emulators\\\\ui-v1.9.0\\\\server\\\\server.js\"],\"optionalArgs\":[],\"joinArgs\":false}"}}
[info] i  ui: Emulator UI logging to ui-debug.log {"metadata":{"emulator":{"name":"ui"},"message":"Emulator UI logging to \u001b[1mui-debug.log\u001b[22m"}}
[debug] [2022-09-12T08:42:16.332Z] Web / API server started at localhost:4000
 {"metadata":{"emulator":{"name":"ui"},"message":"Web / API server started at localhost:4000\n"}}
[info] 
┌─────────────────────────────────────────────────────────────┐
│ ✔  All emulators ready! It is now safe to connect your app. │
│ i  View Emulator UI at http://localhost:4000                │
└─────────────────────────────────────────────────────────────┘

┌───────────┬────────────────┬─────────────────────────────────┐
│ Emulator  │ Host:Port      │ View in Emulator UI             │
├───────────┼────────────────┼─────────────────────────────────┤
│ Firestore │ localhost:8080 │ http://localhost:4000/firestore │
└───────────┴────────────────┴─────────────────────────────────┘
  Emulator Hub running at localhost:4400
  Other reserved ports: 4500

Issues? Report them at https://github.com/firebase/firebase-tools/issues and attach the *-debug.log files.
 
